# JRE version: Java(TM) SE Runtime Environment (8.0_112-b15) (build 1.8.0_112-b15)
# Java VM: Java HotSpot(TM) Client VM (25.112-b15 mixed mode windows-x86 )
Heap:
 def new generation   total 9664K, used 8640K [0x06a00000, 0x07470000, 0x0bf50000)
  eden space 8640K, 100% used [0x06a00000, 0x07270000, 0x07270000)
  from space 1024K,   0% used [0x07370000, 0x07370000, 0x07470000)
  to   space 1024K,   0% used [0x07270000, 0x07270000, 0x07370000)
 tenured generation   total 24092K, used 24091K [0x0bf50000, 0x0d6d7000, 0x16a00000)
   the space 24092K,  99% used [0x0bf50000, 0x0d6d6fb0, 0x0d6d7000, 0x0d6d7000)
 Metaspace       used 2464K, capacity 2506K, committed 2624K, reserved 4480K
GC Heap History (10 events):
Event: 2.466 GC heap before
{Heap before GC invocations=7 (full 0):
 def new generation   total 4928K, used 4928K [0x06a00000, 0x06f50000, 0x0bf50000)
  eden space 4416K, 100% used [0x06a00000, 0x06e50000, 0x06e50000)
  from space 512K, 100% used [0x06ed0000, 0x06f50000, 0x06f50000)
  to   space 512K,   0% used [0x06e50000, 0x06e50000, 0x06ed0000)
 tenured generation   total 10944K, used 10890K [0x0bf50000, 0x0ca00000, 0x16a00000)
   the space 10944K,  99% used [0x0bf50000, 0x0c9f2968, 0x0c9f2a00, 0x0ca00000)
 Metaspace       used 2446K, capacity 2506K, committed 2624K, reserved 4480K
Event: 2.491 GC heap after
Heap after GC invocations=8 (full 1):
 def new generation   total 9536K, used 415K [0x06a00000, 0x07450000, 0x0bf50000)
  eden space 8512K,   4% used [0x06a00000, 0x06a67f30, 0x07250000)
  from space 1024K,   0% used [0x07250000, 0x07250000, 0x07350000)
  to   space 1024K,   0% used [0x07350000, 0x07350000, 0x07450000)
 tenured generation   total 21016K, used 12607K [0x0bf50000, 0x0d3d6000, 0x16a00000)
   the space 21016K,  59% used [0x0bf50000, 0x0cb9ff78, 0x0cba0000, 0x0d3d6000)
 Metaspace       used 2446K, capacity 2506K, committed 2624K, reserved 4480K
}
Event: 2.509 GC heap before
{Heap before GC invocations=8 (full 1):
 def new generation   total 9536K, used 8512K [0x06a00000, 0x07450000, 0x0bf50000)
  eden space 8512K, 100% used [0x06a00000, 0x07250000, 0x07250000)
  from space 1024K,   0% used [0x07250000, 0x07250000, 0x07350000)
  to   space 1024K,   0% used [0x07350000, 0x07350000, 0x07450000)
 tenured generation   total 21016K, used 12607K [0x0bf50000, 0x0d3d6000, 0x16a00000)
   the space 21016K,  59% used [0x0bf50000, 0x0cb9ff78, 0x0cba0000, 0x0d3d6000)
 Metaspace       used 2446K, capacity 2506K, committed 2624K, reserved 4480K
Event: 2.525 GC heap after
Heap after GC invocations=9 (full 1):
 def new generation   total 9536K, used 1024K [0x06a00000, 0x07450000, 0x0bf50000)
  eden space 8512K,   0% used [0x06a00000, 0x06a00000, 0x07250000)
  from space 1024K, 100% used [0x07350000, 0x07450000, 0x07450000)
  to   space 1024K,   0% used [0x07250000, 0x07250000, 0x07350000)
 tenured generation   total 21016K, used 14955K [0x0bf50000, 0x0d3d6000, 0x16a00000)
   the space 21016K,  71% used [0x0bf50000, 0x0cdeaf70, 0x0cdeb000, 0x0d3d6000)
 Metaspace       used 2446K, capacity 2506K, committed 2624K, reserved 4480K
}
Event: 2.543 GC heap before
{Heap before GC invocations=9 (full 1):
 def new generation   total 9536K, used 9536K [0x06a00000, 0x07450000, 0x0bf50000)
  eden space 8512K, 100% used [0x06a00000, 0x07250000, 0x07250000)
  from space 1024K, 100% used [0x07350000, 0x07450000, 0x07450000)
  to   space 1024K,   0% used [0x07250000, 0x07250000, 0x07350000)
 tenured generation   total 21016K, used 14955K [0x0bf50000, 0x0d3d6000, 0x16a00000)
   the space 21016K,  71% used [0x0bf50000, 0x0cdeaf70, 0x0cdeb000, 0x0d3d6000)
 Metaspace       used 2446K, capacity 2506K, committed 2624K, reserved 4480K
Event: 2.555 GC heap after
Heap after GC invocations=10 (full 1):
 def new generation   total 9536K, used 1024K [0x06a00000, 0x07450000, 0x0bf50000)
  eden space 8512K,   0% used [0x06a00000, 0x06a00000, 0x07250000)
  from space 1024K, 100% used [0x07250000, 0x07350000, 0x07350000)
  to   space 1024K,   0% used [0x07350000, 0x07350000, 0x07450000)
 tenured generation   total 21016K, used 18077K [0x0bf50000, 0x0d3d6000, 0x16a00000)
   the space 21016K,  86% used [0x0bf50000, 0x0d0f76e0, 0x0d0f7800, 0x0d3d6000)
 Metaspace       used 2446K, capacity 2506K, committed 2624K, reserved 4480K
}
Event: 2.573 GC heap before
{Heap before GC invocations=10 (full 1):
 def new generation   total 9536K, used 9536K [0x06a00000, 0x07450000, 0x0bf50000)
  eden space 8512K, 100% used [0x06a00000, 0x07250000, 0x07250000)
  from space 1024K, 100% used [0x07250000, 0x07350000, 0x07350000)
  to   space 1024K,   0% used [0x07350000, 0x07350000, 0x07450000)
 tenured generation   total 21016K, used 18077K [0x0bf50000, 0x0d3d6000, 0x16a00000)
   the space 21016K,  86% used [0x0bf50000, 0x0d0f76e0, 0x0d0f7800, 0x0d3d6000)
 Metaspace       used 2446K, capacity 2506K, committed 2624K, reserved 4480K
Event: 2.617 GC heap after
Heap after GC invocations=11 (full 2):
 def new generation   total 9664K, used 934K [0x06a00000, 0x07470000, 0x0bf50000)
  eden space 8640K,  10% used [0x06a00000, 0x06ae98a0, 0x07270000)
  from space 1024K,   0% used [0x07270000, 0x07270000, 0x07370000)
  to   space 1024K,   0% used [0x07370000, 0x07370000, 0x07470000)
 tenured generation   total 21272K, used 21271K [0x0bf50000, 0x0d416000, 0x16a00000)
   the space 21272K,  99% used [0x0bf50000, 0x0d415fa8, 0x0d416000, 0x0d416000)
 Metaspace       used 2446K, capacity 2506K, committed 2624K, reserved 4480K
}
Event: 2.633 GC heap before
{Heap before GC invocations=11 (full 2):
 def new generation   total 9664K, used 8640K [0x06a00000, 0x07470000, 0x0bf50000)
  eden space 8640K, 100% used [0x06a00000, 0x07270000, 0x07270000)
  from space 1024K,   0% used [0x07270000, 0x07270000, 0x07370000)
  to   space 1024K,   0% used [0x07370000, 0x07370000, 0x07470000)
 tenured generation   total 21272K, used 21271K [0x0bf50000, 0x0d416000, 0x16a00000)
   the space 21272K,  99% used [0x0bf50000, 0x0d415fa8, 0x0d416000, 0x0d416000)
 Metaspace       used 2446K, capacity 2506K, committed 2624K, reserved 4480K
Event: 2.689 GC heap after
Heap after GC invocations=12 (full 3):
 def new generation   total 9664K, used 951K [0x06a00000, 0x07470000, 0x0bf50000)
  eden space 8640K,  11% used [0x06a00000, 0x06aedd00, 0x07270000)
  from space 1024K,   0% used [0x07370000, 0x07370000, 0x07470000)
  to   space 1024K,   0% used [0x07270000, 0x07270000, 0x07370000)
 tenured generation   total 24092K, used 24091K [0x0bf50000, 0x0d6d7000, 0x16a00000)
   the space 24092K,  99% used [0x0bf50000, 0x0d6d6fb0, 0x0d6d7000, 0x0d6d7000)
 Metaspace       used 2446K, capacity 2506K, committed 2624K, reserved 4480K
}

